e:\education\5semester\node\mylabs\laba13\tcp_udp\udp_server\x64\debug\vc143.pdb
e:\education\5semester\node\mylabs\laba13\tcp_udp\udp_server\x64\debug\vc143.idb
e:\education\5semester\node\mylabs\laba13\tcp_udp\udp_server\x64\debug\udp_server.obj
c:\users\ilyal\desktop\pskp\labs\lab10\c++\tcp_udp\udp_server\x64\debug\vc143.pdb
c:\users\ilyal\desktop\pskp\labs\lab10\c++\tcp_udp\udp_server\x64\debug\vc143.idb
c:\users\ilyal\desktop\pskp\labs\lab10\c++\tcp_udp\udp_server\x64\debug\udp_server.obj
e:\education\5semester\node\mylabs\laba13\tcp_udp\x64\debug\udp_server.exe
e:\education\5semester\node\mylabs\laba13\tcp_udp\udp_server\x64\debug\udp_server.ilk
e:\education\5semester\node\mylabs\laba13\tcp_udp\x64\debug\udp_server.pdb
c:\users\ilyal\desktop\pskp\labs\lab10\c++\tcp_udp\udp_server\x64\debug\udp_server.ilk
c:\users\ilyal\desktop\pskp\labs\lab10\c++\tcp_udp\x64\debug\udp_server.exe
c:\users\ilyal\desktop\pskp\labs\lab10\c++\tcp_udp\x64\debug\udp_server.pdb
d:\univer\5sem\pskp\lab10\c++\tcp_udp\udp_server\x64\debug\udp_server.obj
d:\univer\5sem\pskp\lab10\c++\tcp_udp\udp_server\x64\debug\udp_server.ilk
d:\univer\5sem\pskp\lab10\c++\tcp_udp\udp_server\x64\debug\vc143.idb
d:\univer\5sem\pskp\lab10\c++\tcp_udp\udp_server\x64\debug\vc143.pdb
d:\univer\5sem\pskp\lab10\c++\tcp_udp\x64\debug\udp_server.pdb
d:\univer\5sem\pskp\lab10\c++\tcp_udp\x64\debug\udp_server.exe
d:\univer\5sem\pskp\lab10\c++\tcp_udp\udp_server\x64\debug\udp_server.tlog\cl.command.1.tlog
d:\univer\5sem\pskp\lab10\c++\tcp_udp\udp_server\x64\debug\udp_server.tlog\cl.items.tlog
d:\univer\5sem\pskp\lab10\c++\tcp_udp\udp_server\x64\debug\udp_server.tlog\cl.read.1.tlog
d:\univer\5sem\pskp\lab10\c++\tcp_udp\udp_server\x64\debug\udp_server.tlog\cl.write.1.tlog
d:\univer\5sem\pskp\lab10\c++\tcp_udp\udp_server\x64\debug\udp_server.tlog\link.command.1.tlog
d:\univer\5sem\pskp\lab10\c++\tcp_udp\udp_server\x64\debug\udp_server.tlog\link.read.1.tlog
d:\univer\5sem\pskp\lab10\c++\tcp_udp\udp_server\x64\debug\udp_server.tlog\link.write.1.tlog
