e:\education\5semester\node\mylabs\laba13\tcp_udp\tcp_client\x64\debug\vc143.pdb
e:\education\5semester\node\mylabs\laba13\tcp_udp\tcp_client\x64\debug\vc143.idb
e:\education\5semester\node\mylabs\laba13\tcp_udp\tcp_client\x64\debug\tcp_client.obj
c:\users\ilyal\desktop\pskp\labs\lab10\c++\tcp_udp\tcp_client\x64\debug\vc143.pdb
c:\users\ilyal\desktop\pskp\labs\lab10\c++\tcp_udp\tcp_client\x64\debug\vc143.idb
c:\users\ilyal\desktop\pskp\labs\lab10\c++\tcp_udp\tcp_client\x64\debug\tcp_client.obj
e:\education\5semester\node\mylabs\laba13\tcp_udp\x64\debug\tcp_client.exe
e:\education\5semester\node\mylabs\laba13\tcp_udp\tcp_client\x64\debug\tcp_client.ilk
e:\education\5semester\node\mylabs\laba13\tcp_udp\x64\debug\tcp_client.pdb
c:\users\ilyal\desktop\pskp\labs\lab10\c++\tcp_udp\tcp_client\x64\debug\tcp_client.ilk
c:\users\ilyal\desktop\pskp\labs\lab10\c++\tcp_udp\x64\debug\tcp_client.exe
c:\users\ilyal\desktop\pskp\labs\lab10\c++\tcp_udp\x64\debug\tcp_client.pdb
d:\univer\5sem\pskp\lab10\c++\tcp_udp\tcp_client\x64\debug\tcp_client.obj
d:\univer\5sem\pskp\lab10\c++\tcp_udp\tcp_client\x64\debug\tcp_client.ilk
d:\univer\5sem\pskp\lab10\c++\tcp_udp\tcp_client\x64\debug\vc143.idb
d:\univer\5sem\pskp\lab10\c++\tcp_udp\tcp_client\x64\debug\vc143.pdb
d:\univer\5sem\pskp\lab10\c++\tcp_udp\x64\debug\tcp_client.pdb
d:\univer\5sem\pskp\lab10\c++\tcp_udp\x64\debug\tcp_client.exe
d:\univer\5sem\pskp\lab10\c++\tcp_udp\tcp_client\x64\debug\tcp_client.tlog\cl.command.1.tlog
d:\univer\5sem\pskp\lab10\c++\tcp_udp\tcp_client\x64\debug\tcp_client.tlog\cl.items.tlog
d:\univer\5sem\pskp\lab10\c++\tcp_udp\tcp_client\x64\debug\tcp_client.tlog\cl.read.1.tlog
d:\univer\5sem\pskp\lab10\c++\tcp_udp\tcp_client\x64\debug\tcp_client.tlog\cl.write.1.tlog
d:\univer\5sem\pskp\lab10\c++\tcp_udp\tcp_client\x64\debug\tcp_client.tlog\link.command.1.tlog
d:\univer\5sem\pskp\lab10\c++\tcp_udp\tcp_client\x64\debug\tcp_client.tlog\link.read.1.tlog
d:\univer\5sem\pskp\lab10\c++\tcp_udp\tcp_client\x64\debug\tcp_client.tlog\link.write.1.tlog
