c:\users\ilyal\desktop\pskp\labs\lab10\c++\tcp_udp\tcp_server\x64\debug\vc143.pdb
c:\users\ilyal\desktop\pskp\labs\lab10\c++\tcp_udp\tcp_server\x64\debug\vc143.idb
c:\users\ilyal\desktop\pskp\labs\lab10\c++\tcp_udp\tcp_server\x64\debug\tcp_server.obj
c:\users\ilyal\desktop\pskp\labs\lab10\c++\tcp_udp\x64\debug\tcp_server.exe
c:\users\ilyal\desktop\pskp\labs\lab10\c++\tcp_udp\tcp_server\x64\debug\tcp_server.ilk
c:\users\ilyal\desktop\pskp\labs\lab10\c++\tcp_udp\x64\debug\tcp_server.pdb
d:\univer\5sem\pskp\lab10\c++\tcp_udp\tcp_server\x64\debug\tcp_server.obj
d:\univer\5sem\pskp\lab10\c++\tcp_udp\tcp_server\x64\debug\tcp_server.obj.enc
d:\univer\5sem\pskp\lab10\c++\tcp_udp\tcp_server\x64\debug\tcp_server.ilk
d:\univer\5sem\pskp\lab10\c++\tcp_udp\tcp_server\x64\debug\vc143.idb
d:\univer\5sem\pskp\lab10\c++\tcp_udp\tcp_server\x64\debug\vc143.pdb
d:\univer\5sem\pskp\lab10\c++\tcp_udp\x64\debug\tcp_server.pdb
d:\univer\5sem\pskp\lab10\c++\tcp_udp\x64\debug\tcp_server.exe
d:\univer\5sem\pskp\lab10\c++\tcp_udp\tcp_server\x64\debug\tcp_server.tlog\cl.command.1.tlog
d:\univer\5sem\pskp\lab10\c++\tcp_udp\tcp_server\x64\debug\tcp_server.tlog\cl.items.tlog
d:\univer\5sem\pskp\lab10\c++\tcp_udp\tcp_server\x64\debug\tcp_server.tlog\cl.read.1.tlog
d:\univer\5sem\pskp\lab10\c++\tcp_udp\tcp_server\x64\debug\tcp_server.tlog\cl.write.1.tlog
d:\univer\5sem\pskp\lab10\c++\tcp_udp\tcp_server\x64\debug\tcp_server.tlog\link.command.1.tlog
d:\univer\5sem\pskp\lab10\c++\tcp_udp\tcp_server\x64\debug\tcp_server.tlog\link.read.1.tlog
d:\univer\5sem\pskp\lab10\c++\tcp_udp\tcp_server\x64\debug\tcp_server.tlog\link.write.1.tlog
